<?xml version="1.0" encoding="UTF-8"?>
<!-- Generated by org.testng.reporters.JUnitReportReporter -->
<testsuite hostname="QSP" failures="0" tests="1" name="scripts.Test2" time="0.026" errors="0" timestamp="2021-04-29T07:51:00 IST" skipped="0">
  <testcase classname="scripts.Test2" name="demo" time="0.026"/>
  <system-out>
Hello java  </system-out>
</testsuite> <!-- scripts.Test2 -->
