<?xml version="1.0" encoding="UTF-8"?>
<!-- Generated by org.testng.reporters.JUnitReportReporter -->
<testsuite hostname="QSP" failures="0" tests="1" name="scripts.Test1" time="0.004" errors="0" timestamp="2021-04-19T18:54:11 IST" skipped="0">
  <testcase classname="scripts.Test1" name="demo" time="0.004"/>
  <system-out>
hello selenium  </system-out>
</testsuite> <!-- scripts.Test1 -->
